c:\users\fxfire\desktop\spinef~1\dx11_2d\debug\vc141.pdb
c:\users\fxfire\desktop\spinef~1\dx11_2d\debug\vc141.idb
c:\users\fxfire\desktop\spinef~1\dx11_2d\debug\skeletonbounds.obj
c:\users\fxfire\desktop\spinef~1\dx11_2d\debug\skeleton.obj
c:\users\fxfire\desktop\spinef~1\dx11_2d\debug\regionattachment.obj
c:\users\fxfire\desktop\spinef~1\dx11_2d\debug\meshattachment.obj
c:\users\fxfire\desktop\spinef~1\dx11_2d\debug\json.obj
c:\users\fxfire\desktop\spinef~1\dx11_2d\debug\ikconstraintdata.obj
c:\users\fxfire\desktop\spinef~1\dx11_2d\debug\ikconstraint.obj
c:\users\fxfire\desktop\spinef~1\dx11_2d\debug\extension.obj
c:\users\fxfire\desktop\spinef~1\dx11_2d\debug\eventdata.obj
c:\users\fxfire\desktop\spinef~1\dx11_2d\debug\event.obj
c:\users\fxfire\desktop\spinef~1\dx11_2d\debug\boundingboxattachment.obj
c:\users\fxfire\desktop\spinef~1\dx11_2d\debug\bonedata.obj
c:\users\fxfire\desktop\spinef~1\dx11_2d\debug\bone.obj
c:\users\fxfire\desktop\spinef~1\dx11_2d\debug\attachmentloader.obj
c:\users\fxfire\desktop\spinef~1\dx11_2d\debug\attachment.obj
c:\users\fxfire\desktop\spinef~1\dx11_2d\debug\atlasattachmentloader.obj
c:\users\fxfire\desktop\spinef~1\dx11_2d\debug\atlas.obj
c:\users\fxfire\desktop\spinef~1\dx11_2d\debug\animationstatedata.obj
c:\users\fxfire\desktop\spinef~1\dx11_2d\debug\animationstate.obj
c:\users\fxfire\desktop\spinef~1\dx11_2d\debug\animation.obj
c:\users\fxfire\desktop\spinef~1\dx11_2d\debug\slotdata.obj
c:\users\fxfire\desktop\spinef~1\dx11_2d\debug\slot.obj
c:\users\fxfire\desktop\spinef~1\dx11_2d\debug\skinnedmeshattachment.obj
c:\users\fxfire\desktop\spinef~1\dx11_2d\debug\skin.obj
c:\users\fxfire\desktop\spinef~1\dx11_2d\debug\skeletonjson.obj
c:\users\fxfire\desktop\spinef~1\dx11_2d\debug\skeletondata.obj
c:\users\fxfire\desktop\spinef~1\dx11_2d\debug\mainscene.obj
c:\users\fxfire\desktop\spinef~1\dx11_2d\debug\maingame.obj
c:\users\fxfire\desktop\spinef~1\dx11_2d\debug\dx11_2d.obj
c:\users\fxfire\desktop\spinef~1\dx11_2d\debug\spskeletondrawable.obj
c:\users\fxfire\desktop\spinef~1\dx11_2d\debug\dx11_2d.pch
c:\users\fxfire\desktop\spinef~1\dx11_2d\debug\stdafx.obj
c:\users\fxfire\desktop\spinef~1\dx11_2d\debug\timer.obj
c:\users\fxfire\desktop\spinef~1\dx11_2d\debug\timemanager.obj
c:\users\fxfire\desktop\spinef~1\dx11_2d\debug\textmanager.obj
c:\users\fxfire\desktop\spinef~1\dx11_2d\debug\textbase.obj
c:\users\fxfire\desktop\spinef~1\dx11_2d\debug\shadermanager.obj
c:\users\fxfire\desktop\spinef~1\dx11_2d\debug\shader.obj
c:\users\fxfire\desktop\spinef~1\dx11_2d\debug\keymanager.obj
c:\users\fxfire\desktop\spinef~1\dx11_2d\debug\imagemanager.obj
c:\users\fxfire\desktop\spinef~1\dx11_2d\debug\image.obj
c:\users\fxfire\desktop\spinef~1\dx11_2d\debug\direct2dmanager.obj
c:\users\fxfire\desktop\spinef~1\debug\dx11_2d.exe
c:\users\fxfire\desktop\spinef~1\debug\dx11_2d.ilk
c:\users\fxfire\desktop\spinef~1\debug\dx11_2d.pdb
c:\users\fxfire\desktop\spinef~1\dx11_2d\debug\dx11_2d.res
c:\users\fxfire\desktop\spinef~1\dx11_2d\debug\dx11_2d.tlog\cl.command.1.tlog
c:\users\fxfire\desktop\spinef~1\dx11_2d\debug\dx11_2d.tlog\cl.read.1.tlog
c:\users\fxfire\desktop\spinef~1\dx11_2d\debug\dx11_2d.tlog\cl.write.1.tlog
c:\users\fxfire\desktop\spinef~1\dx11_2d\debug\dx11_2d.tlog\link.command.1.tlog
c:\users\fxfire\desktop\spinef~1\dx11_2d\debug\dx11_2d.tlog\link.read.1.tlog
c:\users\fxfire\desktop\spinef~1\dx11_2d\debug\dx11_2d.tlog\link.write.1.tlog
c:\users\fxfire\desktop\spinef~1\dx11_2d\debug\dx11_2d.tlog\rc.command.1.tlog
c:\users\fxfire\desktop\spinef~1\dx11_2d\debug\dx11_2d.tlog\rc.read.1.tlog
c:\users\fxfire\desktop\spinef~1\dx11_2d\debug\dx11_2d.tlog\rc.write.1.tlog
